

Die Deinstallation wurde gestartet.
Die EventLog-Quelle JFK-Protokoller wird entfernt.
Der Dienst JFK-Protokoller wird vom System entfernt...
Dienst JFK-Protokoller wurde vom System entfernt.

Eine transaktive Installation wird ausgeführt.

Die Installationsphase wird gestartet.
Dienst JFK-Protokoller wird installiert...

Die Deinstallation ist abgeschlossen.
Dienst JFK-Protokoller wurde installiert.
Die EventLog-Quelle JFK-Protokoller im Protokoll Application wird erstellt...

Die Installationsphase ist abgeschlossen, und die Commitphase beginnt.

Die Commitphase wurde erfolgreich abgeschlossen.

Die transaktive Installation ist abgeschlossen.


Die Deinstallation wurde gestartet.
Die EventLog-Quelle JFK-Protokoller wird entfernt.
Der Dienst JFK-Protokoller wird vom System entfernt...
Dienst JFK-Protokoller wurde vom System entfernt.

Eine transaktive Installation wird ausgeführt.

Die Installationsphase wird gestartet.
Dienst JFK-Protokoller wird installiert...
Dienst JFK-Protokoller wurde installiert.
Die EventLog-Quelle JFK-Protokoller im Protokoll Application wird erstellt...

Die Installationsphase ist abgeschlossen, und die Commitphase beginnt.

Die Commitphase wurde erfolgreich abgeschlossen.

Die transaktive Installation ist abgeschlossen.

Die Deinstallation ist abgeschlossen.


Die Deinstallation wurde gestartet.
Die EventLog-Quelle JFK-Protokoller wird entfernt.
Der Dienst JFK-Protokoller wird vom System entfernt...
Dienst JFK-Protokoller wurde vom System entfernt.

Die Deinstallation ist abgeschlossen.

Eine transaktive Installation wird ausgeführt.

Die Installationsphase wird gestartet.
Dienst JFK-Protokoller wird installiert...
Dienst JFK-Protokoller wurde installiert.
Die EventLog-Quelle JFK-Protokoller im Protokoll Application wird erstellt...

Die Installationsphase ist abgeschlossen, und die Commitphase beginnt.

Die Commitphase wurde erfolgreich abgeschlossen.

Die transaktive Installation ist abgeschlossen.

Eine transaktive Installation wird ausgeführt.

Die Installationsphase wird gestartet.
Dienst JFK-Protokoller wird installiert...
Dienst JFK-Protokoller wurde installiert.
Die EventLog-Quelle JFK-Protokoller im Protokoll Application wird erstellt...

Die Installationsphase ist abgeschlossen, und die Commitphase beginnt.

Die Commitphase wurde erfolgreich abgeschlossen.

Die transaktive Installation ist abgeschlossen.


Die Deinstallation wurde gestartet.
Die EventLog-Quelle JFK-Protokoller wird entfernt.
Der Dienst JFK-Protokoller wird vom System entfernt...
Dienst JFK-Protokoller wurde vom System entfernt.

Die Deinstallation ist abgeschlossen.

Eine transaktive Installation wird ausgeführt.

Die Installationsphase wird gestartet.
Dienst JFK-Protokoller wird installiert...
Dienst JFK-Protokoller wurde installiert.
Die EventLog-Quelle JFK-Protokoller im Protokoll Application wird erstellt...

Die Installationsphase ist abgeschlossen, und die Commitphase beginnt.

Die Commitphase wurde erfolgreich abgeschlossen.

Die transaktive Installation ist abgeschlossen.


Die Deinstallation wurde gestartet.
Die EventLog-Quelle JFK-Protokoller wird entfernt.
Der Dienst JFK-Protokoller wird vom System entfernt...
Dienst JFK-Protokoller wurde vom System entfernt.

Die Deinstallation ist abgeschlossen.
